<?xml version="1.0" encoding="UTF-8"?>
<!-- Generated by org.testng.reporters.JUnitReportReporter -->
<testsuite hostname="myhost" name="com.example.tests.MyAddAddressTests" tests="1" failures="0" timestamp="17 Jun 2014 04:58:50 GMT" time="4.148" errors="0">
  <testcase name="testAddressCreation" time="4.148" classname="com.example.tests.MyAddAddressTests"/>
</testsuite> <!-- com.example.tests.MyAddAddressTests -->
