<?xml version="1.0" encoding="UTF-8"?>
<!-- Generated by org.testng.reporters.JUnitReportReporter -->
<testsuite hostname="myhost" name="com.example.tests.EditAddressTests" tests="1" failures="0" timestamp="10 Jul 2014 18:58:23 GMT" time="32.666" errors="0">
  <testcase name="editSomeAddress" time="32.666" classname="com.example.tests.EditAddressTests"/>
</testsuite> <!-- com.example.tests.EditAddressTests -->
