<?xml version="1.0" encoding="UTF-8"?>
<!-- Generated by org.testng.reporters.JUnitReportReporter -->
<testsuite hostname="myhost" name="com.example.tests.MyCreateGroupTests" tests="2" failures="0" timestamp="22 May 2014 13:29:11 GMT" time="5.501" errors="0">
  <testcase name="testEmptyGroupCreation" time="2.468" classname="com.example.tests.MyCreateGroupTests"/>
  <testcase name="testNonEmptyGroupCreation" time="3.033" classname="com.example.tests.MyCreateGroupTests"/>
</testsuite> <!-- com.example.tests.MyCreateGroupTests -->
