<?xml version="1.0" encoding="UTF-8"?>
<!-- Generated by org.testng.reporters.JUnitReportReporter -->
<testsuite hostname="myhost" name="com.example.tests.RemoveGroupTests" tests="1" failures="0" timestamp="22 Jul 2014 11:46:25 GMT" time="3.764" errors="0">
  <testcase name="deleteSomeGroup" time="3.764" classname="com.example.tests.RemoveGroupTests"/>
</testsuite> <!-- com.example.tests.RemoveGroupTests -->
