<?xml version="1.0" encoding="UTF-8"?>
<!-- Generated by org.testng.reporters.JUnitReportReporter -->
<testsuite hostname="myhost" name="com.example.tests.RemoveAddressTests" tests="1" failures="0" timestamp="10 Jul 2014 18:59:49 GMT" time="1.579" errors="0">
  <testcase name="deleteSomeAddress" time="1.579" classname="com.example.tests.RemoveAddressTests"/>
</testsuite> <!-- com.example.tests.RemoveAddressTests -->
