<?xml version="1.0" encoding="UTF-8"?>
<!-- Generated by org.testng.reporters.JUnitReportReporter -->
<testsuite hostname="myhost" name="com.example.tests.AlsoMyCreateGroupTests" tests="2" failures="0" timestamp="22 May 2014 13:29:11 GMT" time="8.350" errors="0">
  <testcase name="testNonEmptyGroupCreation" time="4.294" classname="com.example.tests.AlsoMyCreateGroupTests"/>
  <testcase name="testEmptyGroupCreation" time="4.056" classname="com.example.tests.AlsoMyCreateGroupTests"/>
</testsuite> <!-- com.example.tests.AlsoMyCreateGroupTests -->
