<?xml version="1.0" encoding="UTF-8"?>
<!-- Generated by org.testng.reporters.JUnitReportReporter -->
<testsuite hostname="myhost" name="com.example.tests.MyCreateGroupTests" tests="2" failures="0" timestamp="16 Jun 2014 19:20:09 GMT" time="4.251" errors="0">
  <testcase name="testNonEmptyGroupCreation" time="2.246" classname="com.example.tests.MyCreateGroupTests"/>
  <testcase name="testEmptyGroupCreation" time="2.005" classname="com.example.tests.MyCreateGroupTests"/>
</testsuite> <!-- com.example.tests.MyCreateGroupTests -->
