<?xml version="1.0" encoding="UTF-8"?>
<!-- Generated by org.testng.reporters.JUnitReportReporter -->
<testsuite hostname="myhost" name="com.example.tests.RemoveGroupTests" tests="1" failures="0" timestamp="4 Jul 2014 11:29:54 GMT" time="1.411" errors="0">
  <testcase name="deleteSomeGroup" time="1.411" classname="com.example.tests.RemoveGroupTests"/>
</testsuite> <!-- com.example.tests.RemoveGroupTests -->
