<?xml version="1.0" encoding="UTF-8"?>
<!-- Generated by org.testng.reporters.JUnitReportReporter -->
<testsuite hostname="myhost" name="com.example.tests.RemoveAddressTests" tests="1" failures="0" timestamp="4 Jul 2014 12:01:15 GMT" time="31.158" errors="0">
  <testcase name="deleteSomeAddress" time="31.158" classname="com.example.tests.RemoveAddressTests"/>
</testsuite> <!-- com.example.tests.RemoveAddressTests -->
