<?xml version="1.0" encoding="UTF-8"?>
<!-- Generated by org.testng.reporters.JUnitReportReporter -->
<testsuite hostname="myhost" name="com.example.tests.MyAddAddressTests" tests="2" failures="0" timestamp="22 Jul 2014 11:46:25 GMT" time="34.347" errors="2">
  <testcase name="testAddressCreation" time="1.959" classname="com.example.tests.MyAddAddressTests">
    <error type="java.lang.AssertionError" message="
Expected: &lt;[AddressData [firstName=, lastName=, addressFirst=null, phoneHome=null, phoneMobile=null, phoneWork=null, email=null, birthDay=null, birthMonth=null, birthYear=null, newGroup=null, addressSecond=null, phoneHomeSecond=null], AddressData [firstName=, lastName=, addressFirst=null, phoneHome=null, phoneMobile=null, phoneWork=null, email=null, birthDay=null, birthMonth=null, birthYear=null, newGroup=null, addressSecond=null, phoneHomeSecond=null], AddressData [firstName=, lastName=, addressFirst=null, phoneHome=null, phoneMobile=null, phoneWork=null, email=null, birthDay=null, birthMonth=null, birthYear=null, newGroup=null, addressSecond=null, phoneHomeSecond=null], AddressData [firstName=, lastName=, addressFirst=null, phoneHome=null, phoneMobile=null, phoneWork=null, email=null, birthDay=null, birthMonth=null, birthYear=null, newGroup=null, addressSecond=null, phoneHomeSecond=null], AddressData [firstName=bbbbb, lastName=aaaa, addressFirst=null, phoneHome=null, phoneMobile=null, phoneWork=null, email=null, birthDay=null, birthMonth=null, birthYear=null, newGroup=null, addressSecond=null, phoneHomeSecond=null], AddressData [firstName=test-1455453518, lastName=test1211582735, addressFirst=null, phoneHome=null, phoneMobile=null, phoneWork=null, email=null, birthDay=null, birthMonth=null, birthYear=null, newGroup=null, addressSecond=null, phoneHomeSecond=null], AddressData [firstName=test-1455453518, lastName=test1211582735, addressFirst=null, phoneHome=null, phoneMobile=null, phoneWork=null, email=null, birthDay=null, birthMonth=null, birthYear=null, newGroup=null, addressSecond=null, phoneHomeSecond=null], AddressData [firstName=test-1583331366, lastName=, addressFirst=null, phoneHome=null, phoneMobile=null, phoneWork=null, email=null, birthDay=null, birthMonth=null, birthYear=null, newGroup=null, addressSecond=null, phoneHomeSecond=null], AddressData [firstName=test-1603649799, lastName=, addressFirst=null, phoneHome=null, phoneMobile=null, phoneWork=null, email=null, birthDay=null, birthMonth=null, birthYear=null, newGroup=null, addressSecond=null, phoneHomeSecond=null], AddressData [firstName=test-160496698, lastName=, addressFirst=null, phoneHome=null, phoneMobile=null, phoneWork=null, email=null, birthDay=null, birthMonth=null, birthYear=null, newGroup=null, addressSecond=null, phoneHomeSecond=null], AddressData [firstName=test-261271793, lastName=, addressFirst=null, phoneHome=null, phoneMobile=null, phoneWork=null, email=null, birthDay=null, birthMonth=null, birthYear=null, newGroup=null, addressSecond=null, phoneHomeSecond=null], AddressData [firstName=test-825577690, lastName=, addressFirst=null, phoneHome=null, phoneMobile=null, phoneWork=null, email=null, birthDay=null, birthMonth=null, birthYear=null, newGroup=null, addressSecond=null, phoneHomeSecond=null], AddressData [firstName=test-875511655, lastName=test1325238582, addressFirst=null, phoneHome=null, phoneMobile=null, phoneWork=null, email=null, birthDay=null, birthMonth=null, birthYear=null, newGroup=null, addressSecond=null, phoneHomeSecond=null], AddressData [firstName=test1189417010, lastName=, addressFirst=null, phoneHome=null, phoneMobile=null, phoneWork=null, email=null, birthDay=null, birthMonth=null, birthYear=null, newGroup=null, addressSecond=null, phoneHomeSecond=null], AddressData [firstName=test1189417010, lastName=, addressFirst=null, phoneHome=null, phoneMobile=null, phoneWork=null, email=null, birthDay=null, birthMonth=null, birthYear=null, newGroup=null, addressSecond=null, phoneHomeSecond=null], AddressData [firstName=test1325238582, lastName=test-875511655, addressFirst=test1839769750, phoneHome=test-1732320529, phoneMobile=, phoneWork=test-206818467, email=, birthDay=11, birthMonth=November, birthYear=1996, newGroup=, addressSecond=test-483401495, phoneHomeSecond=], AddressData [firstName=test1493253648, lastName=, addressFirst=null, phoneHome=null, phoneMobile=null, phoneWork=null, email=null, birthDay=null, birthMonth=null, birthYear=null, newGroup=null, addressSecond=null, phoneHomeSecond=null], AddressData [firstName=test157676345, lastName=, addressFirst=null, phoneHome=null, phoneMobile=null, phoneWork=null, email=null, birthDay=null, birthMonth=null, birthYear=null, newGroup=null, addressSecond=null, phoneHomeSecond=null]]&gt;
     but: was &lt;[AddressData [firstName=, lastName=, addressFirst=null, phoneHome=null, phoneMobile=null, phoneWork=null, email=null, birthDay=null, birthMonth=null, birthYear=null, newGroup=null, addressSecond=null, phoneHomeSecond=null], AddressData [firstName=, lastName=, addressFirst=null, phoneHome=null, phoneMobile=null, phoneWork=null, email=null, birthDay=null, birthMonth=null, birthYear=null, newGroup=null, addressSecond=null, phoneHomeSecond=null], AddressData [firstName=, lastName=, addressFirst=null, phoneHome=null, phoneMobile=null, phoneWork=null, email=null, birthDay=null, birthMonth=null, birthYear=null, newGroup=null, addressSecond=null, phoneHomeSecond=null], AddressData [firstName=, lastName=, addressFirst=null, phoneHome=null, phoneMobile=null, phoneWork=null, email=null, birthDay=null, birthMonth=null, birthYear=null, newGroup=null, addressSecond=null, phoneHomeSecond=null], AddressData [firstName=bbbbb, lastName=aaaa, addressFirst=null, phoneHome=null, phoneMobile=null, phoneWork=null, email=null, birthDay=null, birthMonth=null, birthYear=null, newGroup=null, addressSecond=null, phoneHomeSecond=null], AddressData [firstName=test-1455453518, lastName=test1211582735, addressFirst=null, phoneHome=null, phoneMobile=null, phoneWork=null, email=null, birthDay=null, birthMonth=null, birthYear=null, newGroup=null, addressSecond=null, phoneHomeSecond=null], AddressData [firstName=test-1455453518, lastName=test1211582735, addressFirst=null, phoneHome=null, phoneMobile=null, phoneWork=null, email=null, birthDay=null, birthMonth=null, birthYear=null, newGroup=null, addressSecond=null, phoneHomeSecond=null], AddressData [firstName=test-1583331366, lastName=, addressFirst=null, phoneHome=null, phoneMobile=null, phoneWork=null, email=null, birthDay=null, birthMonth=null, birthYear=null, newGroup=null, addressSecond=null, phoneHomeSecond=null], AddressData [firstName=test-1603649799, lastName=, addressFirst=null, phoneHome=null, phoneMobile=null, phoneWork=null, email=null, birthDay=null, birthMonth=null, birthYear=null, newGroup=null, addressSecond=null, phoneHomeSecond=null], AddressData [firstName=test-160496698, lastName=, addressFirst=null, phoneHome=null, phoneMobile=null, phoneWork=null, email=null, birthDay=null, birthMonth=null, birthYear=null, newGroup=null, addressSecond=null, phoneHomeSecond=null], AddressData [firstName=test-261271793, lastName=, addressFirst=null, phoneHome=null, phoneMobile=null, phoneWork=null, email=null, birthDay=null, birthMonth=null, birthYear=null, newGroup=null, addressSecond=null, phoneHomeSecond=null], AddressData [firstName=test-825577690, lastName=, addressFirst=null, phoneHome=null, phoneMobile=null, phoneWork=null, email=null, birthDay=null, birthMonth=null, birthYear=null, newGroup=null, addressSecond=null, phoneHomeSecond=null], AddressData [firstName=test-875511655, lastName=test1325238582, addressFirst=null, phoneHome=null, phoneMobile=null, phoneWork=null, email=null, birthDay=null, birthMonth=null, birthYear=null, newGroup=null, addressSecond=null, phoneHomeSecond=null], AddressData [firstName=test-875511655, lastName=test1325238582, addressFirst=null, phoneHome=null, phoneMobile=null, phoneWork=null, email=null, birthDay=null, birthMonth=null, birthYear=null, newGroup=null, addressSecond=null, phoneHomeSecond=null], AddressData [firstName=test1189417010, lastName=, addressFirst=null, phoneHome=null, phoneMobile=null, phoneWork=null, email=null, birthDay=null, birthMonth=null, birthYear=null, newGroup=null, addressSecond=null, phoneHomeSecond=null], AddressData [firstName=test1189417010, lastName=, addressFirst=null, phoneHome=null, phoneMobile=null, phoneWork=null, email=null, birthDay=null, birthMonth=null, birthYear=null, newGroup=null, addressSecond=null, phoneHomeSecond=null], AddressData [firstName=test1493253648, lastName=, addressFirst=null, phoneHome=null, phoneMobile=null, phoneWork=null, email=null, birthDay=null, birthMonth=null, birthYear=null, newGroup=null, addressSecond=null, phoneHomeSecond=null], AddressData [firstName=test157676345, lastName=, addressFirst=null, phoneHome=null, phoneMobile=null, phoneWork=null, email=null, birthDay=null, birthMonth=null, birthYear=null, newGroup=null, addressSecond=null, phoneHomeSecond=null]]&gt;">
      <![CDATA[java.lang.AssertionError: 
Expected: <[AddressData [firstName=, lastName=, addressFirst=null, phoneHome=null, phoneMobile=null, phoneWork=null, email=null, birthDay=null, birthMonth=null, birthYear=null, newGroup=null, addressSecond=null, phoneHomeSecond=null], AddressData [firstName=, lastName=, addressFirst=null, phoneHome=null, phoneMobile=null, phoneWork=null, email=null, birthDay=null, birthMonth=null, birthYear=null, newGroup=null, addressSecond=null, phoneHomeSecond=null], AddressData [firstName=, lastName=, addressFirst=null, phoneHome=null, phoneMobile=null, phoneWork=null, email=null, birthDay=null, birthMonth=null, birthYear=null, newGroup=null, addressSecond=null, phoneHomeSecond=null], AddressData [firstName=, lastName=, addressFirst=null, phoneHome=null, phoneMobile=null, phoneWork=null, email=null, birthDay=null, birthMonth=null, birthYear=null, newGroup=null, addressSecond=null, phoneHomeSecond=null], AddressData [firstName=bbbbb, lastName=aaaa, addressFirst=null, phoneHome=null, phoneMobile=null, phoneWork=null, email=null, birthDay=null, birthMonth=null, birthYear=null, newGroup=null, addressSecond=null, phoneHomeSecond=null], AddressData [firstName=test-1455453518, lastName=test1211582735, addressFirst=null, phoneHome=null, phoneMobile=null, phoneWork=null, email=null, birthDay=null, birthMonth=null, birthYear=null, newGroup=null, addressSecond=null, phoneHomeSecond=null], AddressData [firstName=test-1455453518, lastName=test1211582735, addressFirst=null, phoneHome=null, phoneMobile=null, phoneWork=null, email=null, birthDay=null, birthMonth=null, birthYear=null, newGroup=null, addressSecond=null, phoneHomeSecond=null], AddressData [firstName=test-1583331366, lastName=, addressFirst=null, phoneHome=null, phoneMobile=null, phoneWork=null, email=null, birthDay=null, birthMonth=null, birthYear=null, newGroup=null, addressSecond=null, phoneHomeSecond=null], AddressData [firstName=test-1603649799, lastName=, addressFirst=null, phoneHome=null, phoneMobile=null, phoneWork=null, email=null, birthDay=null, birthMonth=null, birthYear=null, newGroup=null, addressSecond=null, phoneHomeSecond=null], AddressData [firstName=test-160496698, lastName=, addressFirst=null, phoneHome=null, phoneMobile=null, phoneWork=null, email=null, birthDay=null, birthMonth=null, birthYear=null, newGroup=null, addressSecond=null, phoneHomeSecond=null], AddressData [firstName=test-261271793, lastName=, addressFirst=null, phoneHome=null, phoneMobile=null, phoneWork=null, email=null, birthDay=null, birthMonth=null, birthYear=null, newGroup=null, addressSecond=null, phoneHomeSecond=null], AddressData [firstName=test-825577690, lastName=, addressFirst=null, phoneHome=null, phoneMobile=null, phoneWork=null, email=null, birthDay=null, birthMonth=null, birthYear=null, newGroup=null, addressSecond=null, phoneHomeSecond=null], AddressData [firstName=test-875511655, lastName=test1325238582, addressFirst=null, phoneHome=null, phoneMobile=null, phoneWork=null, email=null, birthDay=null, birthMonth=null, birthYear=null, newGroup=null, addressSecond=null, phoneHomeSecond=null], AddressData [firstName=test1189417010, lastName=, addressFirst=null, phoneHome=null, phoneMobile=null, phoneWork=null, email=null, birthDay=null, birthMonth=null, birthYear=null, newGroup=null, addressSecond=null, phoneHomeSecond=null], AddressData [firstName=test1189417010, lastName=, addressFirst=null, phoneHome=null, phoneMobile=null, phoneWork=null, email=null, birthDay=null, birthMonth=null, birthYear=null, newGroup=null, addressSecond=null, phoneHomeSecond=null], AddressData [firstName=test1325238582, lastName=test-875511655, addressFirst=test1839769750, phoneHome=test-1732320529, phoneMobile=, phoneWork=test-206818467, email=, birthDay=11, birthMonth=November, birthYear=1996, newGroup=, addressSecond=test-483401495, phoneHomeSecond=], AddressData [firstName=test1493253648, lastName=, addressFirst=null, phoneHome=null, phoneMobile=null, phoneWork=null, email=null, birthDay=null, birthMonth=null, birthYear=null, newGroup=null, addressSecond=null, phoneHomeSecond=null], AddressData [firstName=test157676345, lastName=, addressFirst=null, phoneHome=null, phoneMobile=null, phoneWork=null, email=null, birthDay=null, birthMonth=null, birthYear=null, newGroup=null, addressSecond=null, phoneHomeSecond=null]]]]><![CDATA[>
     but: was <[AddressData [firstName=, lastName=, addressFirst=null, phoneHome=null, phoneMobile=null, phoneWork=null, email=null, birthDay=null, birthMonth=null, birthYear=null, newGroup=null, addressSecond=null, phoneHomeSecond=null], AddressData [firstName=, lastName=, addressFirst=null, phoneHome=null, phoneMobile=null, phoneWork=null, email=null, birthDay=null, birthMonth=null, birthYear=null, newGroup=null, addressSecond=null, phoneHomeSecond=null], AddressData [firstName=, lastName=, addressFirst=null, phoneHome=null, phoneMobile=null, phoneWork=null, email=null, birthDay=null, birthMonth=null, birthYear=null, newGroup=null, addressSecond=null, phoneHomeSecond=null], AddressData [firstName=, lastName=, addressFirst=null, phoneHome=null, phoneMobile=null, phoneWork=null, email=null, birthDay=null, birthMonth=null, birthYear=null, newGroup=null, addressSecond=null, phoneHomeSecond=null], AddressData [firstName=bbbbb, lastName=aaaa, addressFirst=null, phoneHome=null, phoneMobile=null, phoneWork=null, email=null, birthDay=null, birthMonth=null, birthYear=null, newGroup=null, addressSecond=null, phoneHomeSecond=null], AddressData [firstName=test-1455453518, lastName=test1211582735, addressFirst=null, phoneHome=null, phoneMobile=null, phoneWork=null, email=null, birthDay=null, birthMonth=null, birthYear=null, newGroup=null, addressSecond=null, phoneHomeSecond=null], AddressData [firstName=test-1455453518, lastName=test1211582735, addressFirst=null, phoneHome=null, phoneMobile=null, phoneWork=null, email=null, birthDay=null, birthMonth=null, birthYear=null, newGroup=null, addressSecond=null, phoneHomeSecond=null], AddressData [firstName=test-1583331366, lastName=, addressFirst=null, phoneHome=null, phoneMobile=null, phoneWork=null, email=null, birthDay=null, birthMonth=null, birthYear=null, newGroup=null, addressSecond=null, phoneHomeSecond=null], AddressData [firstName=test-1603649799, lastName=, addressFirst=null, phoneHome=null, phoneMobile=null, phoneWork=null, email=null, birthDay=null, birthMonth=null, birthYear=null, newGroup=null, addressSecond=null, phoneHomeSecond=null], AddressData [firstName=test-160496698, lastName=, addressFirst=null, phoneHome=null, phoneMobile=null, phoneWork=null, email=null, birthDay=null, birthMonth=null, birthYear=null, newGroup=null, addressSecond=null, phoneHomeSecond=null], AddressData [firstName=test-261271793, lastName=, addressFirst=null, phoneHome=null, phoneMobile=null, phoneWork=null, email=null, birthDay=null, birthMonth=null, birthYear=null, newGroup=null, addressSecond=null, phoneHomeSecond=null], AddressData [firstName=test-825577690, lastName=, addressFirst=null, phoneHome=null, phoneMobile=null, phoneWork=null, email=null, birthDay=null, birthMonth=null, birthYear=null, newGroup=null, addressSecond=null, phoneHomeSecond=null], AddressData [firstName=test-875511655, lastName=test1325238582, addressFirst=null, phoneHome=null, phoneMobile=null, phoneWork=null, email=null, birthDay=null, birthMonth=null, birthYear=null, newGroup=null, addressSecond=null, phoneHomeSecond=null], AddressData [firstName=test-875511655, lastName=test1325238582, addressFirst=null, phoneHome=null, phoneMobile=null, phoneWork=null, email=null, birthDay=null, birthMonth=null, birthYear=null, newGroup=null, addressSecond=null, phoneHomeSecond=null], AddressData [firstName=test1189417010, lastName=, addressFirst=null, phoneHome=null, phoneMobile=null, phoneWork=null, email=null, birthDay=null, birthMonth=null, birthYear=null, newGroup=null, addressSecond=null, phoneHomeSecond=null], AddressData [firstName=test1189417010, lastName=, addressFirst=null, phoneHome=null, phoneMobile=null, phoneWork=null, email=null, birthDay=null, birthMonth=null, birthYear=null, newGroup=null, addressSecond=null, phoneHomeSecond=null], AddressData [firstName=test1493253648, lastName=, addressFirst=null, phoneHome=null, phoneMobile=null, phoneWork=null, email=null, birthDay=null, birthMonth=null, birthYear=null, newGroup=null, addressSecond=null, phoneHomeSecond=null], AddressData [firstName=test157676345, lastName=, addressFirst=null, phoneHome=null, phoneMobile=null, phoneWork=null, email=null, birthDay=null, birthMonth=null, birthYear=null, newGroup=null, addressSecond=null, phoneHomeSecond=null]]]]><![CDATA[>
	at org.hamcrest.MatcherAssert.assertThat(MatcherAssert.java:20)
	at org.junit.Assert.assertThat(Assert.java:865)
	at org.junit.Assert.assertThat(Assert.java:832)
	at com.example.tests.MyAddAddressTests.testAddressCreation(MyAddAddressTests.java:49)
	at sun.reflect.NativeMethodAccessorImpl.invoke0(Native Method)
	at sun.reflect.NativeMethodAccessorImpl.invoke(Unknown Source)
	at sun.reflect.DelegatingMethodAccessorImpl.invoke(Unknown Source)
	at java.lang.reflect.Method.invoke(Unknown Source)
	at org.testng.internal.MethodInvocationHelper.invokeMethod(MethodInvocationHelper.java:84)
	at org.testng.internal.Invoker.invokeMethod(Invoker.java:714)
	at org.testng.internal.Invoker.invokeTestMethod(Invoker.java:901)
	at org.testng.internal.Invoker.invokeTestMethods(Invoker.java:1231)
	at org.testng.internal.TestMethodWorker.invokeTestMethods(TestMethodWorker.java:127)
	at org.testng.internal.TestMethodWorker.run(TestMethodWorker.java:111)
	at org.testng.TestRunner.privateRun(TestRunner.java:767)
	at org.testng.TestRunner.run(TestRunner.java:617)
	at org.testng.SuiteRunner.runTest(SuiteRunner.java:334)
	at org.testng.SuiteRunner.runSequentially(SuiteRunner.java:329)
	at org.testng.SuiteRunner.privateRun(SuiteRunner.java:291)
	at org.testng.SuiteRunner.run(SuiteRunner.java:240)
	at org.testng.SuiteRunnerWorker.runSuite(SuiteRunnerWorker.java:52)
	at org.testng.SuiteRunnerWorker.run(SuiteRunnerWorker.java:86)
	at org.testng.TestNG.runSuitesSequentially(TestNG.java:1224)
	at org.testng.TestNG.runSuitesLocally(TestNG.java:1149)
	at org.testng.TestNG.run(TestNG.java:1057)
	at org.testng.remote.RemoteTestNG.run(RemoteTestNG.java:111)
	at org.testng.remote.RemoteTestNG.initAndRun(RemoteTestNG.java:204)
	at org.testng.remote.RemoteTestNG.main(RemoteTestNG.java:175)
]]>
    </error>
  </testcase> <!-- testAddressCreation -->
  <testcase name="testAddressCreation" time="32.388" classname="com.example.tests.MyAddAddressTests">
    <error type="java.lang.AssertionError" message="
Expected: &lt;[AddressData [firstName=, lastName=, addressFirst=null, phoneHome=null, phoneMobile=null, phoneWork=null, email=null, birthDay=null, birthMonth=null, birthYear=null, newGroup=null, addressSecond=null, phoneHomeSecond=null], AddressData [firstName=, lastName=, addressFirst=null, phoneHome=null, phoneMobile=null, phoneWork=null, email=null, birthDay=null, birthMonth=null, birthYear=null, newGroup=null, addressSecond=null, phoneHomeSecond=null], AddressData [firstName=, lastName=, addressFirst=null, phoneHome=null, phoneMobile=null, phoneWork=null, email=null, birthDay=null, birthMonth=null, birthYear=null, newGroup=null, addressSecond=null, phoneHomeSecond=null], AddressData [firstName=, lastName=, addressFirst=null, phoneHome=null, phoneMobile=null, phoneWork=null, email=null, birthDay=null, birthMonth=null, birthYear=null, newGroup=null, addressSecond=null, phoneHomeSecond=null], AddressData [firstName=bbbbb, lastName=aaaa, addressFirst=null, phoneHome=null, phoneMobile=null, phoneWork=null, email=null, birthDay=null, birthMonth=null, birthYear=null, newGroup=null, addressSecond=null, phoneHomeSecond=null], AddressData [firstName=test-1455453518, lastName=test1211582735, addressFirst=null, phoneHome=null, phoneMobile=null, phoneWork=null, email=null, birthDay=null, birthMonth=null, birthYear=null, newGroup=null, addressSecond=null, phoneHomeSecond=null], AddressData [firstName=test-1583331366, lastName=, addressFirst=null, phoneHome=null, phoneMobile=null, phoneWork=null, email=null, birthDay=null, birthMonth=null, birthYear=null, newGroup=null, addressSecond=null, phoneHomeSecond=null], AddressData [firstName=test-1603649799, lastName=, addressFirst=null, phoneHome=null, phoneMobile=null, phoneWork=null, email=null, birthDay=null, birthMonth=null, birthYear=null, newGroup=null, addressSecond=null, phoneHomeSecond=null], AddressData [firstName=test-160496698, lastName=, addressFirst=null, phoneHome=null, phoneMobile=null, phoneWork=null, email=null, birthDay=null, birthMonth=null, birthYear=null, newGroup=null, addressSecond=null, phoneHomeSecond=null], AddressData [firstName=test-261271793, lastName=, addressFirst=null, phoneHome=null, phoneMobile=null, phoneWork=null, email=null, birthDay=null, birthMonth=null, birthYear=null, newGroup=null, addressSecond=null, phoneHomeSecond=null], AddressData [firstName=test-825577690, lastName=, addressFirst=null, phoneHome=null, phoneMobile=null, phoneWork=null, email=null, birthDay=null, birthMonth=null, birthYear=null, newGroup=null, addressSecond=null, phoneHomeSecond=null], AddressData [firstName=test-875511655, lastName=test1325238582, addressFirst=null, phoneHome=null, phoneMobile=null, phoneWork=null, email=null, birthDay=null, birthMonth=null, birthYear=null, newGroup=null, addressSecond=null, phoneHomeSecond=null], AddressData [firstName=test1189417010, lastName=, addressFirst=null, phoneHome=null, phoneMobile=null, phoneWork=null, email=null, birthDay=null, birthMonth=null, birthYear=null, newGroup=null, addressSecond=null, phoneHomeSecond=null], AddressData [firstName=test1189417010, lastName=, addressFirst=null, phoneHome=null, phoneMobile=null, phoneWork=null, email=null, birthDay=null, birthMonth=null, birthYear=null, newGroup=null, addressSecond=null, phoneHomeSecond=null], AddressData [firstName=test1211582735, lastName=test-1455453518, addressFirst=test1913413522, phoneHome=, phoneMobile=test-324253313, phoneWork=test-589695766, email=test1039613123, birthDay=5, birthMonth=April, birthYear=1907, newGroup=, addressSecond=test-829313057, phoneHomeSecond=test1727294088], AddressData [firstName=test1493253648, lastName=, addressFirst=null, phoneHome=null, phoneMobile=null, phoneWork=null, email=null, birthDay=null, birthMonth=null, birthYear=null, newGroup=null, addressSecond=null, phoneHomeSecond=null], AddressData [firstName=test157676345, lastName=, addressFirst=null, phoneHome=null, phoneMobile=null, phoneWork=null, email=null, birthDay=null, birthMonth=null, birthYear=null, newGroup=null, addressSecond=null, phoneHomeSecond=null]]&gt;
     but: was &lt;[AddressData [firstName=, lastName=, addressFirst=null, phoneHome=null, phoneMobile=null, phoneWork=null, email=null, birthDay=null, birthMonth=null, birthYear=null, newGroup=null, addressSecond=null, phoneHomeSecond=null], AddressData [firstName=, lastName=, addressFirst=null, phoneHome=null, phoneMobile=null, phoneWork=null, email=null, birthDay=null, birthMonth=null, birthYear=null, newGroup=null, addressSecond=null, phoneHomeSecond=null], AddressData [firstName=, lastName=, addressFirst=null, phoneHome=null, phoneMobile=null, phoneWork=null, email=null, birthDay=null, birthMonth=null, birthYear=null, newGroup=null, addressSecond=null, phoneHomeSecond=null], AddressData [firstName=, lastName=, addressFirst=null, phoneHome=null, phoneMobile=null, phoneWork=null, email=null, birthDay=null, birthMonth=null, birthYear=null, newGroup=null, addressSecond=null, phoneHomeSecond=null], AddressData [firstName=bbbbb, lastName=aaaa, addressFirst=null, phoneHome=null, phoneMobile=null, phoneWork=null, email=null, birthDay=null, birthMonth=null, birthYear=null, newGroup=null, addressSecond=null, phoneHomeSecond=null], AddressData [firstName=test-1455453518, lastName=test1211582735, addressFirst=null, phoneHome=null, phoneMobile=null, phoneWork=null, email=null, birthDay=null, birthMonth=null, birthYear=null, newGroup=null, addressSecond=null, phoneHomeSecond=null], AddressData [firstName=test-1455453518, lastName=test1211582735, addressFirst=null, phoneHome=null, phoneMobile=null, phoneWork=null, email=null, birthDay=null, birthMonth=null, birthYear=null, newGroup=null, addressSecond=null, phoneHomeSecond=null], AddressData [firstName=test-1583331366, lastName=, addressFirst=null, phoneHome=null, phoneMobile=null, phoneWork=null, email=null, birthDay=null, birthMonth=null, birthYear=null, newGroup=null, addressSecond=null, phoneHomeSecond=null], AddressData [firstName=test-1603649799, lastName=, addressFirst=null, phoneHome=null, phoneMobile=null, phoneWork=null, email=null, birthDay=null, birthMonth=null, birthYear=null, newGroup=null, addressSecond=null, phoneHomeSecond=null], AddressData [firstName=test-160496698, lastName=, addressFirst=null, phoneHome=null, phoneMobile=null, phoneWork=null, email=null, birthDay=null, birthMonth=null, birthYear=null, newGroup=null, addressSecond=null, phoneHomeSecond=null], AddressData [firstName=test-261271793, lastName=, addressFirst=null, phoneHome=null, phoneMobile=null, phoneWork=null, email=null, birthDay=null, birthMonth=null, birthYear=null, newGroup=null, addressSecond=null, phoneHomeSecond=null], AddressData [firstName=test-825577690, lastName=, addressFirst=null, phoneHome=null, phoneMobile=null, phoneWork=null, email=null, birthDay=null, birthMonth=null, birthYear=null, newGroup=null, addressSecond=null, phoneHomeSecond=null], AddressData [firstName=test-875511655, lastName=test1325238582, addressFirst=null, phoneHome=null, phoneMobile=null, phoneWork=null, email=null, birthDay=null, birthMonth=null, birthYear=null, newGroup=null, addressSecond=null, phoneHomeSecond=null], AddressData [firstName=test1189417010, lastName=, addressFirst=null, phoneHome=null, phoneMobile=null, phoneWork=null, email=null, birthDay=null, birthMonth=null, birthYear=null, newGroup=null, addressSecond=null, phoneHomeSecond=null], AddressData [firstName=test1189417010, lastName=, addressFirst=null, phoneHome=null, phoneMobile=null, phoneWork=null, email=null, birthDay=null, birthMonth=null, birthYear=null, newGroup=null, addressSecond=null, phoneHomeSecond=null], AddressData [firstName=test1493253648, lastName=, addressFirst=null, phoneHome=null, phoneMobile=null, phoneWork=null, email=null, birthDay=null, birthMonth=null, birthYear=null, newGroup=null, addressSecond=null, phoneHomeSecond=null], AddressData [firstName=test157676345, lastName=, addressFirst=null, phoneHome=null, phoneMobile=null, phoneWork=null, email=null, birthDay=null, birthMonth=null, birthYear=null, newGroup=null, addressSecond=null, phoneHomeSecond=null]]&gt;">
      <![CDATA[java.lang.AssertionError: 
Expected: <[AddressData [firstName=, lastName=, addressFirst=null, phoneHome=null, phoneMobile=null, phoneWork=null, email=null, birthDay=null, birthMonth=null, birthYear=null, newGroup=null, addressSecond=null, phoneHomeSecond=null], AddressData [firstName=, lastName=, addressFirst=null, phoneHome=null, phoneMobile=null, phoneWork=null, email=null, birthDay=null, birthMonth=null, birthYear=null, newGroup=null, addressSecond=null, phoneHomeSecond=null], AddressData [firstName=, lastName=, addressFirst=null, phoneHome=null, phoneMobile=null, phoneWork=null, email=null, birthDay=null, birthMonth=null, birthYear=null, newGroup=null, addressSecond=null, phoneHomeSecond=null], AddressData [firstName=, lastName=, addressFirst=null, phoneHome=null, phoneMobile=null, phoneWork=null, email=null, birthDay=null, birthMonth=null, birthYear=null, newGroup=null, addressSecond=null, phoneHomeSecond=null], AddressData [firstName=bbbbb, lastName=aaaa, addressFirst=null, phoneHome=null, phoneMobile=null, phoneWork=null, email=null, birthDay=null, birthMonth=null, birthYear=null, newGroup=null, addressSecond=null, phoneHomeSecond=null], AddressData [firstName=test-1455453518, lastName=test1211582735, addressFirst=null, phoneHome=null, phoneMobile=null, phoneWork=null, email=null, birthDay=null, birthMonth=null, birthYear=null, newGroup=null, addressSecond=null, phoneHomeSecond=null], AddressData [firstName=test-1583331366, lastName=, addressFirst=null, phoneHome=null, phoneMobile=null, phoneWork=null, email=null, birthDay=null, birthMonth=null, birthYear=null, newGroup=null, addressSecond=null, phoneHomeSecond=null], AddressData [firstName=test-1603649799, lastName=, addressFirst=null, phoneHome=null, phoneMobile=null, phoneWork=null, email=null, birthDay=null, birthMonth=null, birthYear=null, newGroup=null, addressSecond=null, phoneHomeSecond=null], AddressData [firstName=test-160496698, lastName=, addressFirst=null, phoneHome=null, phoneMobile=null, phoneWork=null, email=null, birthDay=null, birthMonth=null, birthYear=null, newGroup=null, addressSecond=null, phoneHomeSecond=null], AddressData [firstName=test-261271793, lastName=, addressFirst=null, phoneHome=null, phoneMobile=null, phoneWork=null, email=null, birthDay=null, birthMonth=null, birthYear=null, newGroup=null, addressSecond=null, phoneHomeSecond=null], AddressData [firstName=test-825577690, lastName=, addressFirst=null, phoneHome=null, phoneMobile=null, phoneWork=null, email=null, birthDay=null, birthMonth=null, birthYear=null, newGroup=null, addressSecond=null, phoneHomeSecond=null], AddressData [firstName=test-875511655, lastName=test1325238582, addressFirst=null, phoneHome=null, phoneMobile=null, phoneWork=null, email=null, birthDay=null, birthMonth=null, birthYear=null, newGroup=null, addressSecond=null, phoneHomeSecond=null], AddressData [firstName=test1189417010, lastName=, addressFirst=null, phoneHome=null, phoneMobile=null, phoneWork=null, email=null, birthDay=null, birthMonth=null, birthYear=null, newGroup=null, addressSecond=null, phoneHomeSecond=null], AddressData [firstName=test1189417010, lastName=, addressFirst=null, phoneHome=null, phoneMobile=null, phoneWork=null, email=null, birthDay=null, birthMonth=null, birthYear=null, newGroup=null, addressSecond=null, phoneHomeSecond=null], AddressData [firstName=test1211582735, lastName=test-1455453518, addressFirst=test1913413522, phoneHome=, phoneMobile=test-324253313, phoneWork=test-589695766, email=test1039613123, birthDay=5, birthMonth=April, birthYear=1907, newGroup=, addressSecond=test-829313057, phoneHomeSecond=test1727294088], AddressData [firstName=test1493253648, lastName=, addressFirst=null, phoneHome=null, phoneMobile=null, phoneWork=null, email=null, birthDay=null, birthMonth=null, birthYear=null, newGroup=null, addressSecond=null, phoneHomeSecond=null], AddressData [firstName=test157676345, lastName=, addressFirst=null, phoneHome=null, phoneMobile=null, phoneWork=null, email=null, birthDay=null, birthMonth=null, birthYear=null, newGroup=null, addressSecond=null, phoneHomeSecond=null]]]]><![CDATA[>
     but: was <[AddressData [firstName=, lastName=, addressFirst=null, phoneHome=null, phoneMobile=null, phoneWork=null, email=null, birthDay=null, birthMonth=null, birthYear=null, newGroup=null, addressSecond=null, phoneHomeSecond=null], AddressData [firstName=, lastName=, addressFirst=null, phoneHome=null, phoneMobile=null, phoneWork=null, email=null, birthDay=null, birthMonth=null, birthYear=null, newGroup=null, addressSecond=null, phoneHomeSecond=null], AddressData [firstName=, lastName=, addressFirst=null, phoneHome=null, phoneMobile=null, phoneWork=null, email=null, birthDay=null, birthMonth=null, birthYear=null, newGroup=null, addressSecond=null, phoneHomeSecond=null], AddressData [firstName=, lastName=, addressFirst=null, phoneHome=null, phoneMobile=null, phoneWork=null, email=null, birthDay=null, birthMonth=null, birthYear=null, newGroup=null, addressSecond=null, phoneHomeSecond=null], AddressData [firstName=bbbbb, lastName=aaaa, addressFirst=null, phoneHome=null, phoneMobile=null, phoneWork=null, email=null, birthDay=null, birthMonth=null, birthYear=null, newGroup=null, addressSecond=null, phoneHomeSecond=null], AddressData [firstName=test-1455453518, lastName=test1211582735, addressFirst=null, phoneHome=null, phoneMobile=null, phoneWork=null, email=null, birthDay=null, birthMonth=null, birthYear=null, newGroup=null, addressSecond=null, phoneHomeSecond=null], AddressData [firstName=test-1455453518, lastName=test1211582735, addressFirst=null, phoneHome=null, phoneMobile=null, phoneWork=null, email=null, birthDay=null, birthMonth=null, birthYear=null, newGroup=null, addressSecond=null, phoneHomeSecond=null], AddressData [firstName=test-1583331366, lastName=, addressFirst=null, phoneHome=null, phoneMobile=null, phoneWork=null, email=null, birthDay=null, birthMonth=null, birthYear=null, newGroup=null, addressSecond=null, phoneHomeSecond=null], AddressData [firstName=test-1603649799, lastName=, addressFirst=null, phoneHome=null, phoneMobile=null, phoneWork=null, email=null, birthDay=null, birthMonth=null, birthYear=null, newGroup=null, addressSecond=null, phoneHomeSecond=null], AddressData [firstName=test-160496698, lastName=, addressFirst=null, phoneHome=null, phoneMobile=null, phoneWork=null, email=null, birthDay=null, birthMonth=null, birthYear=null, newGroup=null, addressSecond=null, phoneHomeSecond=null], AddressData [firstName=test-261271793, lastName=, addressFirst=null, phoneHome=null, phoneMobile=null, phoneWork=null, email=null, birthDay=null, birthMonth=null, birthYear=null, newGroup=null, addressSecond=null, phoneHomeSecond=null], AddressData [firstName=test-825577690, lastName=, addressFirst=null, phoneHome=null, phoneMobile=null, phoneWork=null, email=null, birthDay=null, birthMonth=null, birthYear=null, newGroup=null, addressSecond=null, phoneHomeSecond=null], AddressData [firstName=test-875511655, lastName=test1325238582, addressFirst=null, phoneHome=null, phoneMobile=null, phoneWork=null, email=null, birthDay=null, birthMonth=null, birthYear=null, newGroup=null, addressSecond=null, phoneHomeSecond=null], AddressData [firstName=test1189417010, lastName=, addressFirst=null, phoneHome=null, phoneMobile=null, phoneWork=null, email=null, birthDay=null, birthMonth=null, birthYear=null, newGroup=null, addressSecond=null, phoneHomeSecond=null], AddressData [firstName=test1189417010, lastName=, addressFirst=null, phoneHome=null, phoneMobile=null, phoneWork=null, email=null, birthDay=null, birthMonth=null, birthYear=null, newGroup=null, addressSecond=null, phoneHomeSecond=null], AddressData [firstName=test1493253648, lastName=, addressFirst=null, phoneHome=null, phoneMobile=null, phoneWork=null, email=null, birthDay=null, birthMonth=null, birthYear=null, newGroup=null, addressSecond=null, phoneHomeSecond=null], AddressData [firstName=test157676345, lastName=, addressFirst=null, phoneHome=null, phoneMobile=null, phoneWork=null, email=null, birthDay=null, birthMonth=null, birthYear=null, newGroup=null, addressSecond=null, phoneHomeSecond=null]]]]><![CDATA[>
	at org.hamcrest.MatcherAssert.assertThat(MatcherAssert.java:20)
	at org.junit.Assert.assertThat(Assert.java:865)
	at org.junit.Assert.assertThat(Assert.java:832)
	at com.example.tests.MyAddAddressTests.testAddressCreation(MyAddAddressTests.java:49)
	at sun.reflect.NativeMethodAccessorImpl.invoke0(Native Method)
	at sun.reflect.NativeMethodAccessorImpl.invoke(Unknown Source)
	at sun.reflect.DelegatingMethodAccessorImpl.invoke(Unknown Source)
	at java.lang.reflect.Method.invoke(Unknown Source)
	at org.testng.internal.MethodInvocationHelper.invokeMethod(MethodInvocationHelper.java:84)
	at org.testng.internal.Invoker.invokeMethod(Invoker.java:714)
	at org.testng.internal.Invoker.invokeTestMethod(Invoker.java:901)
	at org.testng.internal.Invoker.invokeTestMethods(Invoker.java:1231)
	at org.testng.internal.TestMethodWorker.invokeTestMethods(TestMethodWorker.java:127)
	at org.testng.internal.TestMethodWorker.run(TestMethodWorker.java:111)
	at org.testng.TestRunner.privateRun(TestRunner.java:767)
	at org.testng.TestRunner.run(TestRunner.java:617)
	at org.testng.SuiteRunner.runTest(SuiteRunner.java:334)
	at org.testng.SuiteRunner.runSequentially(SuiteRunner.java:329)
	at org.testng.SuiteRunner.privateRun(SuiteRunner.java:291)
	at org.testng.SuiteRunner.run(SuiteRunner.java:240)
	at org.testng.SuiteRunnerWorker.runSuite(SuiteRunnerWorker.java:52)
	at org.testng.SuiteRunnerWorker.run(SuiteRunnerWorker.java:86)
	at org.testng.TestNG.runSuitesSequentially(TestNG.java:1224)
	at org.testng.TestNG.runSuitesLocally(TestNG.java:1149)
	at org.testng.TestNG.run(TestNG.java:1057)
	at org.testng.remote.RemoteTestNG.run(RemoteTestNG.java:111)
	at org.testng.remote.RemoteTestNG.initAndRun(RemoteTestNG.java:204)
	at org.testng.remote.RemoteTestNG.main(RemoteTestNG.java:175)
]]>
    </error>
  </testcase> <!-- testAddressCreation -->
</testsuite> <!-- com.example.tests.MyAddAddressTests -->
