<?xml version="1.0" encoding="UTF-8"?>
<!-- Generated by org.testng.reporters.JUnitReportReporter -->
<testsuite hostname="myhost" name="com.example.tests.MyAddAddressTests" tests="2" failures="0" timestamp="4 Jul 2014 12:04:56 GMT" time="34.422" errors="0">
  <testcase name="testAddressCreation" time="32.651" classname="com.example.tests.MyAddAddressTests"/>
  <testcase name="testAddressCreation" time="1.771" classname="com.example.tests.MyAddAddressTests"/>
</testsuite> <!-- com.example.tests.MyAddAddressTests -->
