<?xml version="1.0" encoding="UTF-8"?>
<!-- Generated by org.testng.reporters.JUnitReportReporter -->
<testsuite hostname="myhost" name="com.example.tests.MyCreateGroupTests" tests="2" failures="0" timestamp="22 May 2014 04:58:51 GMT" time="7.264" errors="0">
  <testcase name="testEmptyGroupCreation" time="3.002" classname="com.example.tests.MyCreateGroupTests"/>
  <testcase name="testNonEmptyGroupCreation" time="4.262" classname="com.example.tests.MyCreateGroupTests"/>
</testsuite> <!-- com.example.tests.MyCreateGroupTests -->
