<?xml version="1.0" encoding="UTF-8"?>
<!-- Generated by org.testng.reporters.JUnitReportReporter -->
<testsuite hostname="myhost" name="com.example.tests.MyCreateGroupTests" tests="2" failures="0" timestamp="30 Jun 2014 16:28:51 GMT" time="3.264" errors="0">
  <testcase name="testGroupCreationWithValidData" time="1.056" classname="com.example.tests.MyCreateGroupTests"/>
  <testcase name="testGroupCreationWithValidData" time="2.208" classname="com.example.tests.MyCreateGroupTests"/>
</testsuite> <!-- com.example.tests.MyCreateGroupTests -->
