<?xml version="1.0" encoding="UTF-8"?>
<!-- Generated by org.testng.reporters.JUnitReportReporter -->
<testsuite hostname="myhost" name="com.example.tests.MyAddAddressTests" tests="2" failures="0" timestamp="1 Jul 2014 12:33:50 GMT" time="33.520" errors="0">
  <testcase name="testAddressCreation" time="32.101" classname="com.example.tests.MyAddAddressTests"/>
  <testcase name="testAddressCreation" time="1.419" classname="com.example.tests.MyAddAddressTests"/>
</testsuite> <!-- com.example.tests.MyAddAddressTests -->
