<?xml version="1.0" encoding="UTF-8"?>
<!-- Generated by org.testng.reporters.JUnitReportReporter -->
<testsuite hostname="myhost" name="com.example.tests.MyCreateGroupTests" tests="10" failures="0" timestamp="22 Jul 2014 11:52:17 GMT" time="21.022" errors="0">
  <testcase name="testGroupCreationWithValidData" time="2.134" classname="com.example.tests.MyCreateGroupTests"/>
  <testcase name="testGroupCreationWithValidData" time="1.835" classname="com.example.tests.MyCreateGroupTests"/>
  <testcase name="testGroupCreationWithValidData" time="1.677" classname="com.example.tests.MyCreateGroupTests"/>
  <testcase name="testGroupCreationWithValidData" time="1.738" classname="com.example.tests.MyCreateGroupTests"/>
  <testcase name="testGroupCreationWithValidData" time="2.204" classname="com.example.tests.MyCreateGroupTests"/>
  <testcase name="testGroupCreationWithValidData" time="2.615" classname="com.example.tests.MyCreateGroupTests"/>
  <testcase name="testGroupCreationWithValidData" time="2.110" classname="com.example.tests.MyCreateGroupTests"/>
  <testcase name="testGroupCreationWithValidData" time="2.148" classname="com.example.tests.MyCreateGroupTests"/>
  <testcase name="testGroupCreationWithValidData" time="1.501" classname="com.example.tests.MyCreateGroupTests"/>
  <testcase name="testGroupCreationWithValidData" time="3.060" classname="com.example.tests.MyCreateGroupTests"/>
</testsuite> <!-- com.example.tests.MyCreateGroupTests -->
