<?xml version="1.0" encoding="UTF-8"?>
<!-- Generated by org.testng.reporters.JUnitReportReporter -->
<testsuite hostname="myhost" name="com.example.tests.EditGroupTests" tests="2" failures="0" timestamp="4 Jul 2014 11:29:29 GMT" time="3.214" errors="0">
  <testcase name="editSomeGroup" time="0.737" classname="com.example.tests.EditGroupTests"/>
  <testcase name="editSomeGroup" time="2.477" classname="com.example.tests.EditGroupTests"/>
</testsuite> <!-- com.example.tests.EditGroupTests -->
