<?xml version="1.0" encoding="UTF-8"?>
<!-- Generated by org.testng.reporters.JUnitReportReporter -->
<testsuite hostname="myhost" name="com.example.tests.MyAddAddressTests" tests="1" failures="0" timestamp="10 Jul 2014 18:55:05 GMT" time="96.091" errors="1">
  <testcase name="testAddressCreation" time="96.091" classname="com.example.tests.MyAddAddressTests">
    <error type="java.lang.AssertionError" message="
Expected: &lt;[AddressData [firstName=, lastName=123, addressFirst=null, phoneHome=null, phoneMobile=null, phoneWork=null, email=null, birthDay=null, birthMonth=null, birthYear=null, newGroup=null, addressSecond=null, phoneHomeSecond=null], AddressData [firstName=, lastName=test-1964962818, addressFirst=null, phoneHome=null, phoneMobile=null, phoneWork=null, email=null, birthDay=null, birthMonth=null, birthYear=null, newGroup=null, addressSecond=null, phoneHomeSecond=null], AddressData [firstName=, lastName=test-848196997, addressFirst=null, phoneHome=null, phoneMobile=null, phoneWork=null, email=null, birthDay=null, birthMonth=null, birthYear=null, newGroup=null, addressSecond=null, phoneHomeSecond=null], AddressData [firstName=444444, lastName=33333333, addressFirst=null, phoneHome=null, phoneMobile=null, phoneWork=null, email=null, birthDay=null, birthMonth=null, birthYear=null, newGroup=null, addressSecond=null, phoneHomeSecond=null], AddressData [firstName=test-1036227308, lastName=test-945673062, addressFirst=null, phoneHome=null, phoneMobile=null, phoneWork=null, email=null, birthDay=null, birthMonth=null, birthYear=null, newGroup=null, addressSecond=null, phoneHomeSecond=null], AddressData [firstName=test-1654245555, lastName=test-965365791, addressFirst=null, phoneHome=null, phoneMobile=null, phoneWork=null, email=null, birthDay=null, birthMonth=null, birthYear=null, newGroup=null, addressSecond=null, phoneHomeSecond=null], AddressData [firstName=test-1856184902, lastName=test1660637484, addressFirst=null, phoneHome=null, phoneMobile=null, phoneWork=null, email=null, birthDay=null, birthMonth=null, birthYear=null, newGroup=null, addressSecond=null, phoneHomeSecond=null], AddressData [firstName=test219448771, lastName=test-1762976826, addressFirst=null, phoneHome=null, phoneMobile=null, phoneWork=null, email=null, birthDay=null, birthMonth=null, birthYear=null, newGroup=null, addressSecond=null, phoneHomeSecond=null], AddressData [firstName=test433165305, lastName=test1167793050, addressFirst=null, phoneHome=null, phoneMobile=null, phoneWork=null, email=null, birthDay=null, birthMonth=null, birthYear=null, newGroup=null, addressSecond=null, phoneHomeSecond=null], AddressData [firstName=test548756116, lastName=, addressFirst=null, phoneHome=null, phoneMobile=null, phoneWork=null, email=null, birthDay=null, birthMonth=null, birthYear=null, newGroup=null, addressSecond=null, phoneHomeSecond=null], AddressData [firstName=test778277291, lastName=, addressFirst=test-1625378870, phoneHome=, phoneMobile=, phoneWork=, email=, birthDay=10, birthMonth=March, birthYear=1936, newGroup=, addressSecond=test1732191952, phoneHomeSecond=], AddressData [firstName=wwwwwwww, lastName=qqqqqqq, addressFirst=null, phoneHome=null, phoneMobile=null, phoneWork=null, email=null, birthDay=null, birthMonth=null, birthYear=null, newGroup=null, addressSecond=null, phoneHomeSecond=null]]&gt;
     but: was &lt;[AddressData [firstName=, lastName=123, addressFirst=null, phoneHome=null, phoneMobile=null, phoneWork=null, email=null, birthDay=null, birthMonth=null, birthYear=null, newGroup=null, addressSecond=null, phoneHomeSecond=null], AddressData [firstName=, lastName=test-1964962818, addressFirst=null, phoneHome=null, phoneMobile=null, phoneWork=null, email=null, birthDay=null, birthMonth=null, birthYear=null, newGroup=null, addressSecond=null, phoneHomeSecond=null], AddressData [firstName=, lastName=test-848196997, addressFirst=null, phoneHome=null, phoneMobile=null, phoneWork=null, email=null, birthDay=null, birthMonth=null, birthYear=null, newGroup=null, addressSecond=null, phoneHomeSecond=null], AddressData [firstName=, lastName=test778277291, addressFirst=null, phoneHome=null, phoneMobile=null, phoneWork=null, email=null, birthDay=null, birthMonth=null, birthYear=null, newGroup=null, addressSecond=null, phoneHomeSecond=null], AddressData [firstName=444444, lastName=33333333, addressFirst=null, phoneHome=null, phoneMobile=null, phoneWork=null, email=null, birthDay=null, birthMonth=null, birthYear=null, newGroup=null, addressSecond=null, phoneHomeSecond=null], AddressData [firstName=test-1036227308, lastName=test-945673062, addressFirst=null, phoneHome=null, phoneMobile=null, phoneWork=null, email=null, birthDay=null, birthMonth=null, birthYear=null, newGroup=null, addressSecond=null, phoneHomeSecond=null], AddressData [firstName=test-1654245555, lastName=test-965365791, addressFirst=null, phoneHome=null, phoneMobile=null, phoneWork=null, email=null, birthDay=null, birthMonth=null, birthYear=null, newGroup=null, addressSecond=null, phoneHomeSecond=null], AddressData [firstName=test-1856184902, lastName=test1660637484, addressFirst=null, phoneHome=null, phoneMobile=null, phoneWork=null, email=null, birthDay=null, birthMonth=null, birthYear=null, newGroup=null, addressSecond=null, phoneHomeSecond=null], AddressData [firstName=test219448771, lastName=test-1762976826, addressFirst=null, phoneHome=null, phoneMobile=null, phoneWork=null, email=null, birthDay=null, birthMonth=null, birthYear=null, newGroup=null, addressSecond=null, phoneHomeSecond=null], AddressData [firstName=test433165305, lastName=test1167793050, addressFirst=null, phoneHome=null, phoneMobile=null, phoneWork=null, email=null, birthDay=null, birthMonth=null, birthYear=null, newGroup=null, addressSecond=null, phoneHomeSecond=null], AddressData [firstName=test548756116, lastName=, addressFirst=null, phoneHome=null, phoneMobile=null, phoneWork=null, email=null, birthDay=null, birthMonth=null, birthYear=null, newGroup=null, addressSecond=null, phoneHomeSecond=null], AddressData [firstName=wwwwwwww, lastName=qqqqqqq, addressFirst=null, phoneHome=null, phoneMobile=null, phoneWork=null, email=null, birthDay=null, birthMonth=null, birthYear=null, newGroup=null, addressSecond=null, phoneHomeSecond=null]]&gt;">
      <![CDATA[java.lang.AssertionError: 
Expected: <[AddressData [firstName=, lastName=123, addressFirst=null, phoneHome=null, phoneMobile=null, phoneWork=null, email=null, birthDay=null, birthMonth=null, birthYear=null, newGroup=null, addressSecond=null, phoneHomeSecond=null], AddressData [firstName=, lastName=test-1964962818, addressFirst=null, phoneHome=null, phoneMobile=null, phoneWork=null, email=null, birthDay=null, birthMonth=null, birthYear=null, newGroup=null, addressSecond=null, phoneHomeSecond=null], AddressData [firstName=, lastName=test-848196997, addressFirst=null, phoneHome=null, phoneMobile=null, phoneWork=null, email=null, birthDay=null, birthMonth=null, birthYear=null, newGroup=null, addressSecond=null, phoneHomeSecond=null], AddressData [firstName=444444, lastName=33333333, addressFirst=null, phoneHome=null, phoneMobile=null, phoneWork=null, email=null, birthDay=null, birthMonth=null, birthYear=null, newGroup=null, addressSecond=null, phoneHomeSecond=null], AddressData [firstName=test-1036227308, lastName=test-945673062, addressFirst=null, phoneHome=null, phoneMobile=null, phoneWork=null, email=null, birthDay=null, birthMonth=null, birthYear=null, newGroup=null, addressSecond=null, phoneHomeSecond=null], AddressData [firstName=test-1654245555, lastName=test-965365791, addressFirst=null, phoneHome=null, phoneMobile=null, phoneWork=null, email=null, birthDay=null, birthMonth=null, birthYear=null, newGroup=null, addressSecond=null, phoneHomeSecond=null], AddressData [firstName=test-1856184902, lastName=test1660637484, addressFirst=null, phoneHome=null, phoneMobile=null, phoneWork=null, email=null, birthDay=null, birthMonth=null, birthYear=null, newGroup=null, addressSecond=null, phoneHomeSecond=null], AddressData [firstName=test219448771, lastName=test-1762976826, addressFirst=null, phoneHome=null, phoneMobile=null, phoneWork=null, email=null, birthDay=null, birthMonth=null, birthYear=null, newGroup=null, addressSecond=null, phoneHomeSecond=null], AddressData [firstName=test433165305, lastName=test1167793050, addressFirst=null, phoneHome=null, phoneMobile=null, phoneWork=null, email=null, birthDay=null, birthMonth=null, birthYear=null, newGroup=null, addressSecond=null, phoneHomeSecond=null], AddressData [firstName=test548756116, lastName=, addressFirst=null, phoneHome=null, phoneMobile=null, phoneWork=null, email=null, birthDay=null, birthMonth=null, birthYear=null, newGroup=null, addressSecond=null, phoneHomeSecond=null], AddressData [firstName=test778277291, lastName=, addressFirst=test-1625378870, phoneHome=, phoneMobile=, phoneWork=, email=, birthDay=10, birthMonth=March, birthYear=1936, newGroup=, addressSecond=test1732191952, phoneHomeSecond=], AddressData [firstName=wwwwwwww, lastName=qqqqqqq, addressFirst=null, phoneHome=null, phoneMobile=null, phoneWork=null, email=null, birthDay=null, birthMonth=null, birthYear=null, newGroup=null, addressSecond=null, phoneHomeSecond=null]]]]><![CDATA[>
     but: was <[AddressData [firstName=, lastName=123, addressFirst=null, phoneHome=null, phoneMobile=null, phoneWork=null, email=null, birthDay=null, birthMonth=null, birthYear=null, newGroup=null, addressSecond=null, phoneHomeSecond=null], AddressData [firstName=, lastName=test-1964962818, addressFirst=null, phoneHome=null, phoneMobile=null, phoneWork=null, email=null, birthDay=null, birthMonth=null, birthYear=null, newGroup=null, addressSecond=null, phoneHomeSecond=null], AddressData [firstName=, lastName=test-848196997, addressFirst=null, phoneHome=null, phoneMobile=null, phoneWork=null, email=null, birthDay=null, birthMonth=null, birthYear=null, newGroup=null, addressSecond=null, phoneHomeSecond=null], AddressData [firstName=, lastName=test778277291, addressFirst=null, phoneHome=null, phoneMobile=null, phoneWork=null, email=null, birthDay=null, birthMonth=null, birthYear=null, newGroup=null, addressSecond=null, phoneHomeSecond=null], AddressData [firstName=444444, lastName=33333333, addressFirst=null, phoneHome=null, phoneMobile=null, phoneWork=null, email=null, birthDay=null, birthMonth=null, birthYear=null, newGroup=null, addressSecond=null, phoneHomeSecond=null], AddressData [firstName=test-1036227308, lastName=test-945673062, addressFirst=null, phoneHome=null, phoneMobile=null, phoneWork=null, email=null, birthDay=null, birthMonth=null, birthYear=null, newGroup=null, addressSecond=null, phoneHomeSecond=null], AddressData [firstName=test-1654245555, lastName=test-965365791, addressFirst=null, phoneHome=null, phoneMobile=null, phoneWork=null, email=null, birthDay=null, birthMonth=null, birthYear=null, newGroup=null, addressSecond=null, phoneHomeSecond=null], AddressData [firstName=test-1856184902, lastName=test1660637484, addressFirst=null, phoneHome=null, phoneMobile=null, phoneWork=null, email=null, birthDay=null, birthMonth=null, birthYear=null, newGroup=null, addressSecond=null, phoneHomeSecond=null], AddressData [firstName=test219448771, lastName=test-1762976826, addressFirst=null, phoneHome=null, phoneMobile=null, phoneWork=null, email=null, birthDay=null, birthMonth=null, birthYear=null, newGroup=null, addressSecond=null, phoneHomeSecond=null], AddressData [firstName=test433165305, lastName=test1167793050, addressFirst=null, phoneHome=null, phoneMobile=null, phoneWork=null, email=null, birthDay=null, birthMonth=null, birthYear=null, newGroup=null, addressSecond=null, phoneHomeSecond=null], AddressData [firstName=test548756116, lastName=, addressFirst=null, phoneHome=null, phoneMobile=null, phoneWork=null, email=null, birthDay=null, birthMonth=null, birthYear=null, newGroup=null, addressSecond=null, phoneHomeSecond=null], AddressData [firstName=wwwwwwww, lastName=qqqqqqq, addressFirst=null, phoneHome=null, phoneMobile=null, phoneWork=null, email=null, birthDay=null, birthMonth=null, birthYear=null, newGroup=null, addressSecond=null, phoneHomeSecond=null]]]]><![CDATA[>
	at org.hamcrest.MatcherAssert.assertThat(MatcherAssert.java:20)
	at org.junit.Assert.assertThat(Assert.java:865)
	at org.junit.Assert.assertThat(Assert.java:832)
	at com.example.tests.MyAddAddressTests.testAddressCreation(MyAddAddressTests.java:33)
	at sun.reflect.NativeMethodAccessorImpl.invoke0(Native Method)
	at sun.reflect.NativeMethodAccessorImpl.invoke(Unknown Source)
	at sun.reflect.DelegatingMethodAccessorImpl.invoke(Unknown Source)
	at java.lang.reflect.Method.invoke(Unknown Source)
	at org.testng.internal.MethodInvocationHelper.invokeMethod(MethodInvocationHelper.java:84)
	at org.testng.internal.Invoker.invokeMethod(Invoker.java:714)
	at org.testng.internal.Invoker.invokeTestMethod(Invoker.java:901)
	at org.testng.internal.Invoker.invokeTestMethods(Invoker.java:1231)
	at org.testng.internal.TestMethodWorker.invokeTestMethods(TestMethodWorker.java:127)
	at org.testng.internal.TestMethodWorker.run(TestMethodWorker.java:111)
	at org.testng.TestRunner.privateRun(TestRunner.java:767)
	at org.testng.TestRunner.run(TestRunner.java:617)
	at org.testng.SuiteRunner.runTest(SuiteRunner.java:334)
	at org.testng.SuiteRunner.runSequentially(SuiteRunner.java:329)
	at org.testng.SuiteRunner.privateRun(SuiteRunner.java:291)
	at org.testng.SuiteRunner.run(SuiteRunner.java:240)
	at org.testng.SuiteRunnerWorker.runSuite(SuiteRunnerWorker.java:52)
	at org.testng.SuiteRunnerWorker.run(SuiteRunnerWorker.java:86)
	at org.testng.TestNG.runSuitesSequentially(TestNG.java:1224)
	at org.testng.TestNG.runSuitesLocally(TestNG.java:1149)
	at org.testng.TestNG.run(TestNG.java:1057)
	at org.testng.remote.RemoteTestNG.run(RemoteTestNG.java:111)
	at org.testng.remote.RemoteTestNG.initAndRun(RemoteTestNG.java:204)
	at org.testng.remote.RemoteTestNG.main(RemoteTestNG.java:175)
]]>
    </error>
  </testcase> <!-- testAddressCreation -->
</testsuite> <!-- com.example.tests.MyAddAddressTests -->
