<?xml version="1.0" encoding="UTF-8"?>
<!-- Generated by org.testng.reporters.JUnitReportReporter -->
<testsuite hostname="myhost" name="com.example.tests.MyCreateGroupTests" tests="2" failures="0" timestamp="22 May 2014 12:22:52 GMT" time="6.610" errors="0">
  <testcase name="testEmptyGroupCreation" time="3.597" classname="com.example.tests.MyCreateGroupTests"/>
  <testcase name="testNonEmptyGroupCreation" time="3.013" classname="com.example.tests.MyCreateGroupTests"/>
</testsuite> <!-- com.example.tests.MyCreateGroupTests -->
