<?xml version="1.0" encoding="UTF-8"?>
<!-- Generated by org.testng.reporters.JUnitReportReporter -->
<testsuite hostname="myhost" name="com.example.tests.MyAddAddressTests" tests="1" failures="0" timestamp="22 May 2014 13:29:11 GMT" time="3.647" errors="0">
  <testcase name="testAddressCreation" time="3.647" classname="com.example.tests.MyAddAddressTests"/>
</testsuite> <!-- com.example.tests.MyAddAddressTests -->
