<?xml version="1.0" encoding="UTF-8"?>
<!-- Generated by org.testng.reporters.JUnitReportReporter -->
<testsuite hostname="myhost" name="com.example.tests.EditGroupTests" tests="2" failures="0" timestamp="22 Jul 2014 12:07:24 GMT" time="3.570" errors="0">
  <testcase name="editSomeGroup" time="1.852" classname="com.example.tests.EditGroupTests"/>
  <testcase name="editSomeGroup" time="1.718" classname="com.example.tests.EditGroupTests"/>
</testsuite> <!-- com.example.tests.EditGroupTests -->
