<?xml version="1.0" encoding="UTF-8"?>
<!-- Generated by org.testng.reporters.JUnitReportReporter -->
<testsuite hostname="myhost" name="com.example.tests.MyCreateGroupTests" tests="3" failures="0" timestamp="19 Jul 2014 12:54:08 GMT" time="5.918" errors="0">
  <testcase name="testGroupCreationWithValidData" time="3.947" classname="com.example.tests.MyCreateGroupTests"/>
  <testcase name="testGroupCreationWithValidData" time="0.819" classname="com.example.tests.MyCreateGroupTests"/>
  <testcase name="testGroupCreationWithValidData" time="1.152" classname="com.example.tests.MyCreateGroupTests"/>
</testsuite> <!-- com.example.tests.MyCreateGroupTests -->
