<?xml version="1.0" encoding="UTF-8"?>
<!-- Generated by org.testng.reporters.JUnitReportReporter -->
<testsuite hostname="myhost" name="com.example.tests.MyCreateGroupTests" tests="5" failures="0" timestamp="18 Jun 2014 07:13:29 GMT" time="10.627" errors="0">
  <testcase name="testGroupCreationWithValidData" time="3.990" classname="com.example.tests.MyCreateGroupTests"/>
  <testcase name="testGroupCreationWithValidData" time="1.620" classname="com.example.tests.MyCreateGroupTests"/>
  <testcase name="testGroupCreationWithValidData" time="1.212" classname="com.example.tests.MyCreateGroupTests"/>
  <testcase name="testGroupCreationWithValidData" time="1.253" classname="com.example.tests.MyCreateGroupTests"/>
  <testcase name="testGroupCreationWithValidData" time="2.552" classname="com.example.tests.MyCreateGroupTests"/>
</testsuite> <!-- com.example.tests.MyCreateGroupTests -->
