<?xml version="1.0" encoding="UTF-8"?>
<!-- Generated by org.testng.reporters.JUnitReportReporter -->
<testsuite hostname="myhost" name="com.example.tests.EditAddressTests" tests="2" failures="0" timestamp="4 Jul 2014 12:07:56 GMT" time="63.883" errors="0">
  <testcase name="editSomeAddress" time="32.216" classname="com.example.tests.EditAddressTests"/>
  <testcase name="editSomeAddress" time="31.667" classname="com.example.tests.EditAddressTests"/>
</testsuite> <!-- com.example.tests.EditAddressTests -->
