<?xml version="1.0" encoding="UTF-8"?>
<!-- Generated by org.testng.reporters.JUnitReportReporter -->
<testsuite hostname="myhost" name="com.example.tests.MyAddAddressTests" tests="2" failures="0" timestamp="18 Jun 2014 17:46:39 GMT" time="13.581" errors="0">
  <testcase name="testAddressCreation" time="5.400" classname="com.example.tests.MyAddAddressTests"/>
  <testcase name="testAddressCreation" time="8.181" classname="com.example.tests.MyAddAddressTests"/>
</testsuite> <!-- com.example.tests.MyAddAddressTests -->
