<?xml version="1.0" encoding="UTF-8"?>
<!-- Generated by org.testng.reporters.JUnitReportReporter -->
<testsuite hostname="myhost" name="com.example.tests.EditGroupTests" tests="2" failures="0" timestamp="22 Jul 2014 11:52:17 GMT" time="4.319" errors="0">
  <testcase name="editSomeGroup" time="2.273" classname="com.example.tests.EditGroupTests"/>
  <testcase name="editSomeGroup" time="2.046" classname="com.example.tests.EditGroupTests"/>
</testsuite> <!-- com.example.tests.EditGroupTests -->
