<?xml version="1.0" encoding="UTF-8"?>
<!-- Generated by org.testng.reporters.JUnitReportReporter -->
<testsuite hostname="myhost" name="com.example.tests.RemoveAddressTests" tests="1" failures="0" timestamp="22 Jul 2014 11:46:25 GMT" time="31.682" errors="0">
  <testcase name="deleteSomeAddress" time="31.682" classname="com.example.tests.RemoveAddressTests"/>
</testsuite> <!-- com.example.tests.RemoveAddressTests -->
