<?xml version="1.0" encoding="UTF-8"?>
<!-- Generated by org.testng.reporters.JUnitReportReporter -->
<testsuite hostname="myhost" name="com.example.tests.AlsoMyCreateGroupTests" tests="2" failures="0" timestamp="22 May 2014 04:58:51 GMT" time="9.936" errors="0">
  <testcase name="testNonEmptyGroupCreation" time="4.835" classname="com.example.tests.AlsoMyCreateGroupTests"/>
  <testcase name="testEmptyGroupCreation" time="5.101" classname="com.example.tests.AlsoMyCreateGroupTests"/>
</testsuite> <!-- com.example.tests.AlsoMyCreateGroupTests -->
